.android/Flutter/build/outputs/mapping/release/seeds.txt
com.sviwo.atv.R$bool
com.sviwo.atv.R$drawable
com.sviwo.atv.R$style
com.sviwo.atv.R$string
com.sviwo.atv.R$id
com.sviwo.atv.R$interpolator
com.sviwo.atv.R$menu
com.sviwo.atv.R$attr
com.sviwo.atv.R$xml
com.sviwo.atv.R$anim
com.sviwo.atv.R$styleable
com.sviwo.atv.R
com.sviwo.atv.R$integer
com.sviwo.atv.R$dimen
com.sviwo.atv.R$layout
com.sviwo.atv.R$color
io.flutter.plugins.GeneratedPluginRegistrant
com.sviwo.atv.R$animator
com.sviwo.atv.R$style: int Base_Theme_AppCompat_DialogWhenLarge
com.sviwo.atv.R$styleable: int AppCompatTheme_panelMenuListTheme
com.sviwo.atv.R$style: int ucrop_WrapperIconState
com.sviwo.atv.R$style: int Base_Widget_AppCompat_SeekBar
com.sviwo.atv.R$styleable: int[] SearchView
com.sviwo.atv.R$color: int switch_thumb_disabled_material_light
com.sviwo.atv.R$id: int action_bar_title
com.sviwo.atv.R$styleable: int MenuItem_android_onClick
com.sviwo.atv.R$attr: int divider
com.sviwo.atv.R$styleable: int AppCompatImageView_srcCompat
com.sviwo.atv.R$styleable: int AppCompatTextView_drawableLeftCompat
com.sviwo.atv.R$id: int rtl
com.sviwo.atv.R$styleable: int AppCompatTheme_actionButtonStyle
com.sviwo.atv.R$style: int Base_Widget_AppCompat_Light_ActionBar_TabBar
com.sviwo.atv.R$styleable: int SwitchCompat_trackTint
com.sviwo.atv.R$drawable: int ucrop_scale
com.sviwo.atv.R$attr: int actionModeCloseButtonStyle
com.sviwo.atv.R$dimen: int abc_dialog_fixed_height_major
com.sviwo.atv.R$drawable: int ucrop_wrapper_controls_shape
com.sviwo.atv.R$attr: int buttonStyleSmall
com.sviwo.atv.R$styleable: int TextAppearance_android_textColor
com.sviwo.atv.R$styleable: int SearchView_android_inputType
com.sviwo.atv.R$styleable: int[] Capability
com.sviwo.atv.R$attr: int firstBaselineToTopHeight
com.sviwo.atv.R$styleable: int AppCompatTheme_panelBackground
com.sviwo.atv.R$attr: int textAppearanceSearchResultTitle
com.sviwo.atv.R$id: int shortcut
com.sviwo.atv.R$style: int Widget_AppCompat_Light_PopupMenu
com.sviwo.atv.R$attr: int buttonBarPositiveButtonStyle
com.sviwo.atv.R$attr: int editTextColor
com.sviwo.atv.R$styleable: int AppCompatTheme_popupWindowStyle
com.sviwo.atv.R$id: int transition_position
com.sviwo.atv.R$attr: int seekBarStyle
com.sviwo.atv.R$anim: int abc_slide_in_top
com.sviwo.atv.R$string: int abc_font_family_display_4_material
com.sviwo.atv.R$styleable: int AppCompatTheme_toolbarStyle
com.sviwo.atv.R$id: int topPanel
com.sviwo.atv.R$layout: int abc_action_menu_item_layout
com.sviwo.atv.R$attr: int commitIcon
com.sviwo.atv.R$style: int RtlOverlay_Widget_AppCompat_PopupMenuItem_Title
com.sviwo.atv.R$dimen: int abc_dropdownitem_text_padding_left
com.sviwo.atv.R$style: int Platform_V21_AppCompat_Light
com.sviwo.atv.R$dimen: int abc_edit_text_inset_top_material
com.sviwo.atv.R$styleable: int[] FontFamily
com.sviwo.atv.R$styleable: int AppCompatTheme_ratingBarStyleSmall
com.sviwo.atv.R$color: int ucrop_color_widget_active
com.sviwo.atv.R$attr: int collapseIcon
com.sviwo.atv.R$dimen: int abc_search_view_preferred_height
com.sviwo.atv.R$style: int Base_TextAppearance_AppCompat_Widget_PopupMenu_Large
com.sviwo.atv.R$color: int abc_tint_edittext
com.sviwo.atv.R$drawable: int abc_list_selector_background_transition_holo_light
com.sviwo.atv.R$style: int ucrop_TextViewWidgetText
com.sviwo.atv.R$style: int Widget_AppCompat_ListPopupWindow
com.sviwo.atv.R$drawable: int abc_btn_radio_to_on_mtrl_000
com.sviwo.atv.R$layout: int ucrop_layout_rotate_wheel
com.sviwo.atv.R$styleable: int AlertDialog_buttonPanelSideLayout
com.sviwo.atv.R$styleable: int AppCompatTheme_listMenuViewStyle
com.sviwo.atv.R$styleable: int FontFamily_fontProviderQuery
com.sviwo.atv.R$styleable: int FontFamilyFont_android_fontVariationSettings
com.sviwo.atv.R$styleable: int TextAppearance_android_shadowDx
com.sviwo.atv.R$attr: int zOrderOnTop
com.sviwo.atv.R$style: int Base_TextAppearance_AppCompat_Widget_ActionBar_Title
com.sviwo.atv.R$styleable: int FontFamilyFont_android_fontWeight
com.sviwo.atv.R$id: int androidx_window_activity_scope