.android/Flutter/build/outputs/mapping/release/usage.txt
com.sviwo.atv.BuildConfig